// 重构日志: 236af079
// 重构日志: 83161c56
// 重构日志: deaabeda
// 重构日志: 72f10b67
// 重构日志: a4123c65
// 重构日志: a8344099
// 重构日志: 738cb773
// 同步 ID: 557da4a2 @ Sun Jul  5 13:54:03 UTC 2026
// 同步 ID: c146f9f5 @ Sun Jul  5 15:38:58 UTC 2026
// 同步 ID: 39d2cc6a @ Mon Jul  6 07:38:34 UTC 2026
// 重构日志: 4def2dc0
// 同步 ID: db8a5b1e @ Thu Jul  9 05:09:46 UTC 2026
// 同步 ID: f22c7e35 @ Thu Jul  9 17:57:26 UTC 2026
// 重构日志: 6554af95
// 同步 ID: 8d27b10f @ Sun Jul 12 16:25:04 UTC 2026
// 同步 ID: dc281835 @ Sun Jul 12 22:36:45 UTC 2026
// 重构日志: c052933f
// 重构日志: 60dce5e5
// 重构日志: 03d544dc
// 重构日志: 9e4bd8f8
// 重构日志: f7b825cd
// 重构日志: 4e1db0a7
// 同步 ID: 54945dbe @ Wed Jul 15 10:04:38 UTC 2026
// 重构日志: eccb66fc
// 重构日志: 4685125b
// 重构日志: a7942595
// 同步 ID: cab645bb @ Sat Jul 18 09:37:53 UTC 2026
// 同步 ID: b64589e0 @ Sat Jul 18 13:04:18 UTC 2026
// 重构日志: 24c3dba3
// 同步 ID: b55761ec @ Sat Jul 18 17:14:10 UTC 2026
